0 info it worked if it ends with ok
1 verbose cli [ '/usr/local/bin/node',
1 verbose cli   '/usr/local/bin/npm',
1 verbose cli   'install',
1 verbose cli   '-g',
1 verbose cli   'mapshaper' ]
2 info using npm@2.11.2
3 info using node@v0.12.6
4 verbose install initial load of /usr/local/lib/package.json
5 verbose readDependencies loading dependencies from /usr/local/lib/package.json
6 silly cache add args [ 'mapshaper', null ]
7 verbose cache add spec mapshaper
8 silly cache add parsed spec { raw: 'mapshaper',
8 silly cache add   scope: null,
8 silly cache add   name: 'mapshaper',
8 silly cache add   rawSpec: '',
8 silly cache add   spec: '*',
8 silly cache add   type: 'range' }
9 silly addNamed mapshaper@*
10 verbose addNamed "*" is a valid semver range for mapshaper
11 silly addNameRange { name: 'mapshaper', range: '*', hasData: false }
12 silly mapToRegistry name mapshaper
13 silly mapToRegistry using default registry
14 silly mapToRegistry registry https://registry.npmjs.org/
15 silly mapToRegistry uri https://registry.npmjs.org/mapshaper
16 verbose addNameRange registry:https://registry.npmjs.org/mapshaper not in flight; fetching
17 verbose request uri https://registry.npmjs.org/mapshaper
18 verbose request no auth needed
19 info attempt registry request try #1 at 2:45:24 PM
20 verbose request id eba2012e0e57456b
21 http request GET https://registry.npmjs.org/mapshaper
22 http 200 https://registry.npmjs.org/mapshaper
23 silly get cb [ 200,
23 silly get   { server: 'CouchDB/1.5.0 (Erlang OTP/R16B03)',
23 silly get     etag: '"4DHZTPT6I6H91OW6PBW26VPOO"',
23 silly get     'content-type': 'application/json',
23 silly get     'cache-control': 'max-age=60',
23 silly get     'content-length': '62887',
23 silly get     'accept-ranges': 'bytes',
23 silly get     date: 'Wed, 15 Jul 2015 21:45:25 GMT',
23 silly get     via: '1.1 varnish',
23 silly get     age: '0',
23 silly get     connection: 'keep-alive',
23 silly get     'x-served-by': 'cache-sjc3124-SJC',
23 silly get     'x-cache': 'MISS',
23 silly get     'x-cache-hits': '0',
23 silly get     'x-timer': 'S1436996724.937985,VS0,VE108',
23 silly get     vary: 'Accept' } ]
24 verbose get saving mapshaper to /Users/amelia/.npm/registry.npmjs.org/mapshaper/.cache.json
25 silly addNameRange number 2 { name: 'mapshaper', range: '*', hasData: true }
26 silly addNameRange versions [ 'mapshaper',
26 silly addNameRange   [ '0.1.3',
26 silly addNameRange     '0.1.4',
26 silly addNameRange     '0.1.5',
26 silly addNameRange     '0.1.6',
26 silly addNameRange     '0.1.7',
26 silly addNameRange     '0.1.8',
26 silly addNameRange     '0.1.9',
26 silly addNameRange     '0.1.10',
26 silly addNameRange     '0.1.11',
26 silly addNameRange     '0.1.12',
26 silly addNameRange     '0.1.13',
26 silly addNameRange     '0.1.14',
26 silly addNameRange     '0.1.15',
26 silly addNameRange     '0.1.16',
26 silly addNameRange     '0.1.17',
26 silly addNameRange     '0.1.18',
26 silly addNameRange     '0.1.19',
26 silly addNameRange     '0.2.0',
26 silly addNameRange     '0.2.1',
26 silly addNameRange     '0.2.2',
26 silly addNameRange     '0.2.3',
26 silly addNameRange     '0.2.4',
26 silly addNameRange     '0.2.5',
26 silly addNameRange     '0.2.6',
26 silly addNameRange     '0.2.7',
26 silly addNameRange     '0.2.8',
26 silly addNameRange     '0.2.9',
26 silly addNameRange     '0.2.10',
26 silly addNameRange     '0.2.11',
26 silly addNameRange     '0.2.12',
26 silly addNameRange     '0.2.13',
26 silly addNameRange     '0.2.14',
26 silly addNameRange     '0.2.15',
26 silly addNameRange     '0.2.16',
26 silly addNameRange     '0.2.17',
26 silly addNameRange     '0.2.18',
26 silly addNameRange     '0.2.19',
26 silly addNameRange     '0.2.20',
26 silly addNameRange     '0.2.21',
26 silly addNameRange     '0.2.22',
26 silly addNameRange     '0.2.23',
26 silly addNameRange     '0.2.24',
26 silly addNameRange     '0.2.25',
26 silly addNameRange     '0.2.26',
26 silly addNameRange     '0.2.27',
26 silly addNameRange     '0.2.28',
26 silly addNameRange     '0.3.0',
26 silly addNameRange     '0.3.1' ] ]
27 silly addNamed mapshaper@0.3.1
28 verbose addNamed "0.3.1" is a plain semver version for mapshaper
29 silly mapToRegistry name mapshaper
30 silly mapToRegistry using default registry
31 silly mapToRegistry registry https://registry.npmjs.org/
32 silly mapToRegistry uri https://registry.npmjs.org/mapshaper
33 verbose addRemoteTarball https://registry.npmjs.org/mapshaper/-/mapshaper-0.3.1.tgz not in flight; adding
34 verbose addRemoteTarball [ 'https://registry.npmjs.org/mapshaper/-/mapshaper-0.3.1.tgz',
34 verbose addRemoteTarball   'a9a021833c66cd0d98e56418b1c0d2d17e002c79' ]
35 info retry fetch attempt 1 at 2:45:25 PM
36 info attempt registry request try #1 at 2:45:25 PM
37 http fetch GET https://registry.npmjs.org/mapshaper/-/mapshaper-0.3.1.tgz
38 http fetch 200 https://registry.npmjs.org/mapshaper/-/mapshaper-0.3.1.tgz
39 silly fetchAndShaCheck shasum a9a021833c66cd0d98e56418b1c0d2d17e002c79
40 verbose addTmpTarball /var/folders/h6/fcgdzqh91xz3qp8slyt0487r0000gn/T/npm-10004-48fa7d24/registry.npmjs.org/mapshaper/-/mapshaper-0.3.1.tgz not in flight; adding
41 verbose addTmpTarball already have metadata; skipping unpack for mapshaper@0.3.1
42 silly cache afterAdd mapshaper@0.3.1
43 verbose afterAdd /Users/amelia/.npm/mapshaper/0.3.1/package/package.json not in flight; writing
44 verbose afterAdd /Users/amelia/.npm/mapshaper/0.3.1/package/package.json written
45 silly install resolved [ { name: 'mapshaper',
45 silly install resolved     version: '0.3.1',
45 silly install resolved     description: 'A tool for editing vector datasets for mapping and GIS.',
45 silly install resolved     keywords:
45 silly install resolved      [ 'shapefile',
45 silly install resolved        'topojson',
45 silly install resolved        'geojson',
45 silly install resolved        'cartography',
45 silly install resolved        'simplification',
45 silly install resolved        'topology',
45 silly install resolved        'gis' ],
45 silly install resolved     author: { name: 'Matthew Bloch', email: 'masiyou@gmail.com' },
45 silly install resolved     contributors: [],
45 silly install resolved     license: 'MPL-2.0',
45 silly install resolved     repository: { type: 'git', url: 'https://github.com/mbloch/mapshaper' },
45 silly install resolved     engines: { node: '>=0.10.0' },
45 silly install resolved     scripts: { test: 'mocha --check-leaks -R dot' },
45 silly install resolved     main: './mapshaper.js',
45 silly install resolved     dependencies:
45 silly install resolved      { optimist: '~0.6.0',
45 silly install resolved        open: '~0.0.3',
45 silly install resolved        'iconv-lite': '~0.4.8',
45 silly install resolved        rbush: '~1.3.4',
45 silly install resolved        rw: '~0.1.4' },
45 silly install resolved     devDependencies:
45 silly install resolved      { 'shell-quote': '~1.4.1',
45 silly install resolved        mocha: '>=2.1.0',
45 silly install resolved        'deep-eql': '>=0.1.3',
45 silly install resolved        catty: '0.0.4',
45 silly install resolved        browserify: '~10.2.4' },
45 silly install resolved     bin:
45 silly install resolved      { mapshaper: './bin/mapshaper',
45 silly install resolved        'mapshaper-gui': './bin/mapshaper-gui' },
45 silly install resolved     gitHead: 'dde844c97d150174ba40c3e10f215256663ff678',
45 silly install resolved     bugs: { url: 'https://github.com/mbloch/mapshaper/issues' },
45 silly install resolved     homepage: 'https://github.com/mbloch/mapshaper',
45 silly install resolved     _id: 'mapshaper@0.3.1',
45 silly install resolved     _shasum: 'a9a021833c66cd0d98e56418b1c0d2d17e002c79',
45 silly install resolved     _from: 'mapshaper@*',
45 silly install resolved     _npmVersion: '2.11.3',
45 silly install resolved     _nodeVersion: '2.3.3',
45 silly install resolved     _npmUser: { name: 'mbloch', email: 'masiyou@gmail.com' },
45 silly install resolved     maintainers: [ [Object] ],
45 silly install resolved     dist:
45 silly install resolved      { shasum: 'a9a021833c66cd0d98e56418b1c0d2d17e002c79',
45 silly install resolved        tarball: 'http://registry.npmjs.org/mapshaper/-/mapshaper-0.3.1.tgz' },
45 silly install resolved     directories: {},
45 silly install resolved     _resolved: 'https://registry.npmjs.org/mapshaper/-/mapshaper-0.3.1.tgz' } ]
46 info install mapshaper@0.3.1 into /usr/local/lib
47 info installOne mapshaper@0.3.1
48 verbose installOne of mapshaper to /usr/local/lib not in flight; installing
49 verbose lock using /Users/amelia/.npm/_locks/mapshaper-73e9a7cc2ab6f229.lock for /usr/local/lib/node_modules/mapshaper
50 silly install write writing mapshaper 0.3.1 to /usr/local/lib/node_modules/mapshaper
51 verbose unbuild lib/node_modules/mapshaper
52 silly gentlyRm /usr/local/lib/node_modules/mapshaper is being purged from base /usr/local
53 verbose gentlyRm don't care about contents; nuking /usr/local/lib/node_modules/mapshaper
54 verbose tar unpack /Users/amelia/.npm/mapshaper/0.3.1/package.tgz
55 verbose tar unpacking to /usr/local/lib/node_modules/mapshaper
56 silly gentlyRm /usr/local/lib/node_modules/mapshaper is being purged
57 verbose gentlyRm don't care about contents; nuking /usr/local/lib/node_modules/mapshaper
58 silly gunzTarPerm modes [ '755', '644' ]
59 error tar.unpack untar error /Users/amelia/.npm/mapshaper/0.3.1/package.tgz
60 verbose unlock done using /Users/amelia/.npm/_locks/mapshaper-73e9a7cc2ab6f229.lock for /usr/local/lib/node_modules/mapshaper
61 verbose fstream_path /usr/local/lib/node_modules/mapshaper
62 verbose fstream_type Directory
63 verbose fstream_class DirWriter
64 verbose stack Error: EACCES, mkdir '/usr/local/lib/node_modules/mapshaper'
64 verbose stack     at Error (native)
65 verbose fstream_stack /usr/local/lib/node_modules/npm/node_modules/fstream/lib/dir-writer.js:35:25
65 verbose fstream_stack /usr/local/lib/node_modules/npm/node_modules/mkdirp/index.js:47:53
65 verbose fstream_stack FSReqWrap.oncomplete (fs.js:95:15)
66 verbose cwd /Users/amelia/Dropbox/Projects/MapExplorations
67 error Darwin 14.3.0
68 error argv "/usr/local/bin/node" "/usr/local/bin/npm" "install" "-g" "mapshaper"
69 error node v0.12.6
70 error npm  v2.11.2
71 error path /usr/local/lib/node_modules/mapshaper
72 error code EACCES
73 error errno -13
74 error Error: EACCES, mkdir '/usr/local/lib/node_modules/mapshaper'
74 error     at Error (native)
74 error  { [Error: EACCES, mkdir '/usr/local/lib/node_modules/mapshaper']
74 error   errno: -13,
74 error   code: 'EACCES',
74 error   path: '/usr/local/lib/node_modules/mapshaper',
74 error   fstream_type: 'Directory',
74 error   fstream_path: '/usr/local/lib/node_modules/mapshaper',
74 error   fstream_class: 'DirWriter',
74 error   fstream_stack:
74 error    [ '/usr/local/lib/node_modules/npm/node_modules/fstream/lib/dir-writer.js:35:25',
74 error      '/usr/local/lib/node_modules/npm/node_modules/mkdirp/index.js:47:53',
74 error      'FSReqWrap.oncomplete (fs.js:95:15)' ] }
75 error Please try running this command again as root/Administrator.
76 verbose exit [ -13, true ]
77 verbose unbuild lib/node_modules/mapshaper
78 silly gentlyRm /usr/local/lib/node_modules/mapshaper is being purged from base /usr/local
79 verbose gentlyRm don't care about contents; nuking /usr/local/lib/node_modules/mapshaper
